Copyright 1986-2022 Xilinx, Inc. All Rights Reserved. Copyright 2022-2024 Advanced Micro Devices, Inc. All Rights Reserved.
---------------------------------------------------------------------------------------------------------------------------------------------------------------------------------------------------------
| Tool Version : Vivado v.2023.2.2 (win64) Build 4126759 Thu Feb  8 23:53:51 MST 2024
| Date         : Thu May  2 12:03:09 2024
| Host         : Lisa running 64-bit major release  (build 9200)
| Command      : report_timing_summary -max_paths 10 -report_unconstrained -file xp4a_timing_summary_routed.rpt -pb xp4a_timing_summary_routed.pb -rpx xp4a_timing_summary_routed.rpx -warn_on_violation
| Design       : xp4a
| Device       : 7z010-clg400
| Speed File   : -1  PRODUCTION 1.12 2019-11-22
| Design State : Routed
---------------------------------------------------------------------------------------------------------------------------------------------------------------------------------------------------------

Timing Summary Report

------------------------------------------------------------------------------------------------
| Timer Settings
| --------------
------------------------------------------------------------------------------------------------

  Enable Multi Corner Analysis               :  Yes
  Enable Pessimism Removal                   :  Yes
  Pessimism Removal Resolution               :  Nearest Common Node
  Enable Input Delay Default Clock           :  No
  Enable Preset / Clear Arcs                 :  No
  Disable Flight Delays                      :  No
  Ignore I/O Paths                           :  No
  Timing Early Launch at Borrowing Latches   :  No
  Borrow Time for Max Delay Exceptions       :  Yes
  Merge Timing Exceptions                    :  Yes
  Inter-SLR Compensation                     :  Conservative

  Corner  Analyze    Analyze    
  Name    Max Paths  Min Paths  
  ------  ---------  ---------  
  Slow    Yes        Yes        
  Fast    Yes        Yes        


------------------------------------------------------------------------------------------------
| Report Methodology
| ------------------
------------------------------------------------------------------------------------------------

Rule       Severity          Description                  Violations  
---------  ----------------  ---------------------------  ----------  
TIMING-17  Critical Warning  Non-clocked sequential cell  1           

Note: This report is based on the most recent report_methodology run and may not be up-to-date. Run report_methodology on the current design for the latest report.



check_timing report

Table of Contents
-----------------
1. checking no_clock (1)
2. checking constant_clock (0)
3. checking pulse_width_clock (0)
4. checking unconstrained_internal_endpoints (2)
5. checking no_input_delay (2)
6. checking no_output_delay (2)
7. checking multiple_clock (0)
8. checking generated_clocks (0)
9. checking loops (0)
10. checking partial_input_delay (0)
11. checking partial_output_delay (0)
12. checking latch_loops (0)

1. checking no_clock (1)
------------------------
 There is 1 register/latch pin with no clock driven by root clock pin: clk (HIGH)


2. checking constant_clock (0)
------------------------------
 There are 0 register/latch pins with constant_clock.


3. checking pulse_width_clock (0)
---------------------------------
 There are 0 register/latch pins which need pulse_width check


4. checking unconstrained_internal_endpoints (2)
------------------------------------------------
 There are 2 pins that are not constrained for maximum delay. (HIGH)

 There are 0 pins that are not constrained for maximum delay due to constant clock.


5. checking no_input_delay (2)
------------------------------
 There are 2 input ports with no input delay specified. (HIGH)

 There are 0 input ports with no input delay but user has a false path constraint.


6. checking no_output_delay (2)
-------------------------------
 There are 2 ports with no output delay specified. (HIGH)

 There are 0 ports with no output delay but user has a false path constraint

 There are 0 ports with no output delay but with a timing clock defined on it or propagating through it


7. checking multiple_clock (0)
------------------------------
 There are 0 register/latch pins with multiple clocks.


8. checking generated_clocks (0)
--------------------------------
 There are 0 generated clocks that are not connected to a clock source.


9. checking loops (0)
---------------------
 There are 0 combinational loops in the design.


10. checking partial_input_delay (0)
------------------------------------
 There are 0 input ports with partial input delay specified.


11. checking partial_output_delay (0)
-------------------------------------
 There are 0 ports with partial output delay specified.


12. checking latch_loops (0)
----------------------------
 There are 0 combinational latch loops in the design through latch input



------------------------------------------------------------------------------------------------
| Design Timing Summary
| ---------------------
------------------------------------------------------------------------------------------------

    WNS(ns)      TNS(ns)  TNS Failing Endpoints  TNS Total Endpoints      WHS(ns)      THS(ns)  THS Failing Endpoints  THS Total Endpoints     WPWS(ns)     TPWS(ns)  TPWS Failing Endpoints  TPWS Total Endpoints  
    -------      -------  ---------------------  -------------------      -------      -------  ---------------------  -------------------     --------     --------  ----------------------  --------------------  
        inf        0.000                      0                    4          inf        0.000                      0                    4           NA           NA                      NA                    NA  


There are no user specified timing constraints.


------------------------------------------------------------------------------------------------
| Clock Summary
| -------------
------------------------------------------------------------------------------------------------


------------------------------------------------------------------------------------------------
| Intra Clock Table
| -----------------
------------------------------------------------------------------------------------------------

Clock             WNS(ns)      TNS(ns)  TNS Failing Endpoints  TNS Total Endpoints      WHS(ns)      THS(ns)  THS Failing Endpoints  THS Total Endpoints     WPWS(ns)     TPWS(ns)  TPWS Failing Endpoints  TPWS Total Endpoints  
-----             -------      -------  ---------------------  -------------------      -------      -------  ---------------------  -------------------     --------     --------  ----------------------  --------------------  


------------------------------------------------------------------------------------------------
| Inter Clock Table
| -----------------
------------------------------------------------------------------------------------------------

From Clock    To Clock          WNS(ns)      TNS(ns)  TNS Failing Endpoints  TNS Total Endpoints      WHS(ns)      THS(ns)  THS Failing Endpoints  THS Total Endpoints  
----------    --------          -------      -------  ---------------------  -------------------      -------      -------  ---------------------  -------------------  


------------------------------------------------------------------------------------------------
| Other Path Groups Table
| -----------------------
------------------------------------------------------------------------------------------------

Path Group    From Clock    To Clock          WNS(ns)      TNS(ns)  TNS Failing Endpoints  TNS Total Endpoints      WHS(ns)      THS(ns)  THS Failing Endpoints  THS Total Endpoints  
----------    ----------    --------          -------      -------  ---------------------  -------------------      -------      -------  ---------------------  -------------------  


------------------------------------------------------------------------------------------------
| User Ignored Path Table
| -----------------------
------------------------------------------------------------------------------------------------

Path Group    From Clock    To Clock    
----------    ----------    --------    


------------------------------------------------------------------------------------------------
| Unconstrained Path Table
| ------------------------
------------------------------------------------------------------------------------------------

Path Group    From Clock    To Clock    
----------    ----------    --------    
(none)                                    


------------------------------------------------------------------------------------------------
| Timing Details
| --------------
------------------------------------------------------------------------------------------------


--------------------------------------------------------------------------------------
Path Group:  (none)
From Clock:  
  To Clock:  

Max Delay             4 Endpoints
Min Delay             4 Endpoints
--------------------------------------------------------------------------------------


Max Delay Paths
--------------------------------------------------------------------------------------
Slack:                    inf
  Source:                 q_reg/C
                            (rising edge-triggered cell FDRE)
  Destination:            qb
                            (output port)
  Path Group:             (none)
  Path Type:              Max at Slow Process Corner
  Data Path Delay:        7.283ns  (logic 4.094ns (56.212%)  route 3.189ns (43.788%))
  Logic Levels:           3  (FDRE=1 LUT1=1 OBUF=1)

    Location             Delay type                Incr(ns)  Path(ns)    Netlist Resource(s)
  -------------------------------------------------------------------    -------------------
    SLICE_X43Y29         FDRE                         0.000     0.000 r  q_reg/C
    SLICE_X43Y29         FDRE (Prop_fdre_C_Q)         0.456     0.456 f  q_reg/Q
                         net (fo=2, routed)           1.525     1.981    q_OBUF
    SLICE_X43Y9          LUT1 (Prop_lut1_I0_O)        0.124     2.105 r  qb_OBUF_inst_i_1/O
                         net (fo=1, routed)           1.664     3.769    qb_OBUF
    R18                  OBUF (Prop_obuf_I_O)         3.514     7.283 r  qb_OBUF_inst/O
                         net (fo=0)                   0.000     7.283    qb
    R18                                                               r  qb (OUT)
  -------------------------------------------------------------------    -------------------

Slack:                    inf
  Source:                 q_reg/C
                            (rising edge-triggered cell FDRE)
  Destination:            q
                            (output port)
  Path Group:             (none)
  Path Type:              Max at Slow Process Corner
  Data Path Delay:        6.428ns  (logic 3.968ns (61.735%)  route 2.460ns (38.265%))
  Logic Levels:           2  (FDRE=1 OBUF=1)

    Location             Delay type                Incr(ns)  Path(ns)    Netlist Resource(s)
  -------------------------------------------------------------------    -------------------
    SLICE_X43Y29         FDRE                         0.000     0.000 r  q_reg/C
    SLICE_X43Y29         FDRE (Prop_fdre_C_Q)         0.456     0.456 r  q_reg/Q
                         net (fo=2, routed)           2.460     2.916    q_OBUF
    T17                  OBUF (Prop_obuf_I_O)         3.512     6.428 r  q_OBUF_inst/O
                         net (fo=0)                   0.000     6.428    q
    T17                                                               r  q (OUT)
  -------------------------------------------------------------------    -------------------

Slack:                    inf
  Source:                 sr[1]
                            (input port)
  Destination:            q_reg/CE
  Path Group:             (none)
  Path Type:              Max at Slow Process Corner
  Data Path Delay:        3.451ns  (logic 1.693ns (49.059%)  route 1.758ns (50.941%))
  Logic Levels:           2  (IBUF=1 LUT2=1)

    Location             Delay type                Incr(ns)  Path(ns)    Netlist Resource(s)
  -------------------------------------------------------------------    -------------------
    V15                                               0.000     0.000 r  sr[1] (IN)
                         net (fo=0)                   0.000     0.000    sr[1]
    V15                  IBUF (Prop_ibuf_I_O)         1.569     1.569 r  sr_IBUF[1]_inst/O
                         net (fo=2, routed)           1.380     2.949    sr_IBUF[1]
    SLICE_X43Y29         LUT2 (Prop_lut2_I0_O)        0.124     3.073 r  q_i_1/O
                         net (fo=1, routed)           0.378     3.451    q_i_1_n_0
    SLICE_X43Y29         FDRE                                         r  q_reg/CE
  -------------------------------------------------------------------    -------------------

Slack:                    inf
  Source:                 sr[1]
                            (input port)
  Destination:            q_reg/D
  Path Group:             (none)
  Path Type:              Max at Slow Process Corner
  Data Path Delay:        2.623ns  (logic 1.569ns (59.830%)  route 1.054ns (40.170%))
  Logic Levels:           1  (IBUF=1)

    Location             Delay type                Incr(ns)  Path(ns)    Netlist Resource(s)
  -------------------------------------------------------------------    -------------------
    V15                                               0.000     0.000 r  sr[1] (IN)
                         net (fo=0)                   0.000     0.000    sr[1]
    V15                  IBUF (Prop_ibuf_I_O)         1.569     1.569 r  sr_IBUF[1]_inst/O
                         net (fo=2, routed)           1.054     2.623    sr_IBUF[1]
    SLICE_X43Y29         FDRE                                         r  q_reg/D
  -------------------------------------------------------------------    -------------------





Min Delay Paths
--------------------------------------------------------------------------------------
Slack:                    inf
  Source:                 sr[1]
                            (input port)
  Destination:            q_reg/D
  Path Group:             (none)
  Path Type:              Min at Fast Process Corner
  Data Path Delay:        0.746ns  (logic 0.336ns (45.073%)  route 0.410ns (54.927%))
  Logic Levels:           1  (IBUF=1)

    Location             Delay type                Incr(ns)  Path(ns)    Netlist Resource(s)
  -------------------------------------------------------------------    -------------------
    V15                                               0.000     0.000 r  sr[1] (IN)
                         net (fo=0)                   0.000     0.000    sr[1]
    V15                  IBUF (Prop_ibuf_I_O)         0.336     0.336 r  sr_IBUF[1]_inst/O
                         net (fo=2, routed)           0.410     0.746    sr_IBUF[1]
    SLICE_X43Y29         FDRE                                         r  q_reg/D
  -------------------------------------------------------------------    -------------------

Slack:                    inf
  Source:                 sr[0]
                            (input port)
  Destination:            q_reg/CE
  Path Group:             (none)
  Path Type:              Min at Fast Process Corner
  Data Path Delay:        0.865ns  (logic 0.375ns (43.316%)  route 0.490ns (56.684%))
  Logic Levels:           2  (IBUF=1 LUT2=1)

    Location             Delay type                Incr(ns)  Path(ns)    Netlist Resource(s)
  -------------------------------------------------------------------    -------------------
    W15                                               0.000     0.000 r  sr[0] (IN)
                         net (fo=0)                   0.000     0.000    sr[0]
    W15                  IBUF (Prop_ibuf_I_O)         0.330     0.330 r  sr_IBUF[0]_inst/O
                         net (fo=1, routed)           0.375     0.705    sr_IBUF[0]
    SLICE_X43Y29         LUT2 (Prop_lut2_I1_O)        0.045     0.750 r  q_i_1/O
                         net (fo=1, routed)           0.115     0.865    q_i_1_n_0
    SLICE_X43Y29         FDRE                                         r  q_reg/CE
  -------------------------------------------------------------------    -------------------

Slack:                    inf
  Source:                 q_reg/C
                            (rising edge-triggered cell FDRE)
  Destination:            q
                            (output port)
  Path Group:             (none)
  Path Type:              Min at Fast Process Corner
  Data Path Delay:        2.037ns  (logic 1.355ns (66.488%)  route 0.683ns (33.512%))
  Logic Levels:           2  (FDRE=1 OBUF=1)

    Location             Delay type                Incr(ns)  Path(ns)    Netlist Resource(s)
  -------------------------------------------------------------------    -------------------
    SLICE_X43Y29         FDRE                         0.000     0.000 r  q_reg/C
    SLICE_X43Y29         FDRE (Prop_fdre_C_Q)         0.141     0.141 r  q_reg/Q
                         net (fo=2, routed)           0.683     0.824    q_OBUF
    T17                  OBUF (Prop_obuf_I_O)         1.214     2.037 r  q_OBUF_inst/O
                         net (fo=0)                   0.000     2.037    q
    T17                                                               r  q (OUT)
  -------------------------------------------------------------------    -------------------

Slack:                    inf
  Source:                 q_reg/C
                            (rising edge-triggered cell FDRE)
  Destination:            qb
                            (output port)
  Path Group:             (none)
  Path Type:              Min at Fast Process Corner
  Data Path Delay:        2.441ns  (logic 1.401ns (57.392%)  route 1.040ns (42.608%))
  Logic Levels:           3  (FDRE=1 LUT1=1 OBUF=1)

    Location             Delay type                Incr(ns)  Path(ns)    Netlist Resource(s)
  -------------------------------------------------------------------    -------------------
    SLICE_X43Y29         FDRE                         0.000     0.000 r  q_reg/C
    SLICE_X43Y29         FDRE (Prop_fdre_C_Q)         0.141     0.141 f  q_reg/Q
                         net (fo=2, routed)           0.709     0.850    q_OBUF
    SLICE_X43Y9          LUT1 (Prop_lut1_I0_O)        0.045     0.895 r  qb_OBUF_inst_i_1/O
                         net (fo=1, routed)           0.331     1.226    qb_OBUF
    R18                  OBUF (Prop_obuf_I_O)         1.215     2.441 r  qb_OBUF_inst/O
                         net (fo=0)                   0.000     2.441    qb
    R18                                                               r  qb (OUT)
  -------------------------------------------------------------------    -------------------





