
*** Running vivado
    with args -log xp4d.vdi -applog -m64 -product Vivado -messageDb vivado.pb -mode batch -source xp4d.tcl -notrace


ECHO is off.
ECHO is off.

****** Vivado v2023.2.2 (64-bit)
  **** SW Build 4126759 on Thu Feb  8 23:53:51 MST 2024
  **** IP Build 4126054 on Fri Feb  9 11:39:09 MST 2024
  **** SharedData Build 4115275 on Tue Jan 30 00:40:57 MST 2024
    ** Copyright 1986-2022 Xilinx, Inc. All Rights Reserved.
    ** Copyright 2022-2024 Advanced Micro Devices, Inc. All Rights Reserved.

source xp4d.tcl -notrace
create_project: Time (s): cpu = 00:00:06 ; elapsed = 00:00:06 . Memory (MB): peak = 482.633 ; gain = 186.664
Command: link_design -top xp4d -part xc7z010clg400-1
Design is defaulting to srcset: sources_1
Design is defaulting to constrset: constrs_1
INFO: [Device 21-403] Loading part xc7z010clg400-1
Netlist sorting complete. Time (s): cpu = 00:00:00 ; elapsed = 00:00:00 . Memory (MB): peak = 878.957 ; gain = 0.000
INFO: [Project 1-479] Netlist was created with Vivado 2023.2.2
INFO: [Project 1-570] Preparing netlist for logic optimization
Parsing XDC File [D:/ATK/Programming/FPGA_5204/FPGA-5204-Lab-XPs/xp4/xp4d/xp4d.srcs/constrs_1/new/xp4d.xdc]
Finished Parsing XDC File [D:/ATK/Programming/FPGA_5204/FPGA-5204-Lab-XPs/xp4/xp4d/xp4d.srcs/constrs_1/new/xp4d.xdc]
INFO: [Opt 31-138] Pushed 0 inverter(s) to 0 load pin(s).
Netlist sorting complete. Time (s): cpu = 00:00:00 ; elapsed = 00:00:00 . Memory (MB): peak = 1001.367 ; gain = 0.000
INFO: [Project 1-111] Unisim Transformation Summary:
No Unisim elements were transformed.

The system cannot find the path specified.
5 Infos, 0 Warnings, 0 Critical Warnings and 0 Errors encountered.
link_design completed successfully
link_design: Time (s): cpu = 00:00:06 ; elapsed = 00:00:07 . Memory (MB): peak = 1005.352 ; gain = 522.719
Command: opt_design
Attempting to get a license for feature 'Implementation' and/or device 'xc7z010'
INFO: [Common 17-349] Got license for feature 'Implementation' and/or device 'xc7z010'
Running DRC as a precondition to command opt_design

Starting DRC Task
INFO: [DRC 23-27] Running DRC with 2 threads
INFO: [Project 1-461] DRC finished with 0 Errors
INFO: [Project 1-462] Please refer to the DRC report (report_drc) for more information.

Time (s): cpu = 00:00:00 ; elapsed = 00:00:00.698 . Memory (MB): peak = 1018.320 ; gain = 12.969

Starting Cache Timing Information Task
INFO: [Timing 38-35] Done setting XDC timing constraints.
Ending Cache Timing Information Task | Checksum: ecab91c9

Time (s): cpu = 00:00:07 ; elapsed = 00:00:09 . Memory (MB): peak = 1527.656 ; gain = 509.336

Starting Logic Optimization Task

Phase 1 Initialization

Phase 1.1 Core Generation And Design Setup
Phase 1.1 Core Generation And Design Setup | Checksum: ecab91c9

Time (s): cpu = 00:00:00 ; elapsed = 00:00:00.027 . Memory (MB): peak = 1893.164 ; gain = 0.000

Phase 1.2 Setup Constraints And Sort Netlist
Phase 1.2 Setup Constraints And Sort Netlist | Checksum: ecab91c9

Time (s): cpu = 00:00:00 ; elapsed = 00:00:00.030 . Memory (MB): peak = 1893.164 ; gain = 0.000
Phase 1 Initialization | Checksum: ecab91c9

Time (s): cpu = 00:00:00 ; elapsed = 00:00:00.030 . Memory (MB): peak = 1893.164 ; gain = 0.000

Phase 2 Timer Update And Timing Data Collection

Phase 2.1 Timer Update
Phase 2.1 Timer Update | Checksum: ecab91c9

Time (s): cpu = 00:00:00 ; elapsed = 00:00:00.126 . Memory (MB): peak = 1893.164 ; gain = 0.000

Phase 2.2 Timing Data Collection
Phase 2.2 Timing Data Collection | Checksum: ecab91c9

Time (s): cpu = 00:00:00 ; elapsed = 00:00:00.139 . Memory (MB): peak = 1893.164 ; gain = 0.000
Phase 2 Timer Update And Timing Data Collection | Checksum: ecab91c9

Time (s): cpu = 00:00:00 ; elapsed = 00:00:00.139 . Memory (MB): peak = 1893.164 ; gain = 0.000

Phase 3 Retarget
INFO: [Opt 31-138] Pushed 0 inverter(s) to 0 load pin(s).
INFO: [Opt 31-49] Retargeted 0 cell(s).
Phase 3 Retarget | Checksum: ecab91c9

Time (s): cpu = 00:00:00 ; elapsed = 00:00:00.158 . Memory (MB): peak = 1893.164 ; gain = 0.000
Retarget | Checksum: ecab91c9
INFO: [Opt 31-389] Phase Retarget created 0 cells and removed 0 cells

Phase 4 Constant propagation
INFO: [Opt 31-138] Pushed 0 inverter(s) to 0 load pin(s).
Phase 4 Constant propagation | Checksum: ecab91c9

Time (s): cpu = 00:00:00 ; elapsed = 00:00:00.161 . Memory (MB): peak = 1893.164 ; gain = 0.000
Constant propagation | Checksum: ecab91c9
INFO: [Opt 31-389] Phase Constant propagation created 0 cells and removed 0 cells

Phase 5 Sweep
Phase 5 Sweep | Checksum: ecab91c9

Time (s): cpu = 00:00:00 ; elapsed = 00:00:00.168 . Memory (MB): peak = 1893.164 ; gain = 0.000
Sweep | Checksum: ecab91c9
INFO: [Opt 31-389] Phase Sweep created 0 cells and removed 0 cells

Phase 6 BUFG optimization
Phase 6 BUFG optimization | Checksum: ecab91c9

Time (s): cpu = 00:00:00 ; elapsed = 00:00:00.227 . Memory (MB): peak = 1893.164 ; gain = 0.000
BUFG optimization | Checksum: ecab91c9
INFO: [Opt 31-662] Phase BUFG optimization created 0 cells of which 0 are BUFGs and removed 0 cells.

Phase 7 Shift Register Optimization
INFO: [Opt 31-1064] SRL Remap converted 0 SRLs to 0 registers and converted 0 registers of register chains to 0 SRLs
Phase 7 Shift Register Optimization | Checksum: ecab91c9

Time (s): cpu = 00:00:00 ; elapsed = 00:00:00.230 . Memory (MB): peak = 1893.164 ; gain = 0.000
Shift Register Optimization | Checksum: ecab91c9
INFO: [Opt 31-389] Phase Shift Register Optimization created 0 cells and removed 0 cells

Phase 8 Post Processing Netlist
Phase 8 Post Processing Netlist | Checksum: ecab91c9

Time (s): cpu = 00:00:00 ; elapsed = 00:00:00.233 . Memory (MB): peak = 1893.164 ; gain = 0.000
Post Processing Netlist | Checksum: ecab91c9
INFO: [Opt 31-389] Phase Post Processing Netlist created 0 cells and removed 0 cells

Phase 9 Finalization

Phase 9.1 Finalizing Design Cores and Updating Shapes
Phase 9.1 Finalizing Design Cores and Updating Shapes | Checksum: ecab91c9

Time (s): cpu = 00:00:00 ; elapsed = 00:00:00.234 . Memory (MB): peak = 1893.164 ; gain = 0.000

Phase 9.2 Verifying Netlist Connectivity

Starting Connectivity Check Task

Time (s): cpu = 00:00:00 ; elapsed = 00:00:00.001 . Memory (MB): peak = 1893.164 ; gain = 0.000
Phase 9.2 Verifying Netlist Connectivity | Checksum: ecab91c9

Time (s): cpu = 00:00:00 ; elapsed = 00:00:00.236 . Memory (MB): peak = 1893.164 ; gain = 0.000
Phase 9 Finalization | Checksum: ecab91c9

Time (s): cpu = 00:00:00 ; elapsed = 00:00:00.236 . Memory (MB): peak = 1893.164 ; gain = 0.000
Opt_design Change Summary
=========================


-------------------------------------------------------------------------------------------------------------------------
|  Phase                        |  #Cells created  |  #Cells Removed  |  #Constrained objects preventing optimizations  |
-------------------------------------------------------------------------------------------------------------------------
|  Retarget                     |               0  |               0  |                                              0  |
|  Constant propagation         |               0  |               0  |                                              0  |
|  Sweep                        |               0  |               0  |                                              0  |
|  BUFG optimization            |               0  |               0  |                                              0  |
|  Shift Register Optimization  |               0  |               0  |                                              0  |
|  Post Processing Netlist      |               0  |               0  |                                              0  |
-------------------------------------------------------------------------------------------------------------------------


Ending Logic Optimization Task | Checksum: ecab91c9

Time (s): cpu = 00:00:00 ; elapsed = 00:00:00.237 . Memory (MB): peak = 1893.164 ; gain = 0.000
INFO: [Constraints 18-11670] Building netlist checker database with flags, 0x8
Done building netlist checker database: Time (s): cpu = 00:00:00 ; elapsed = 00:00:00 . Memory (MB): peak = 1893.164 ; gain = 0.000

Starting Power Optimization Task
INFO: [Pwropt 34-132] Skipping clock gating for clocks with a period < 2.00 ns.
Ending Power Optimization Task | Checksum: ecab91c9

Time (s): cpu = 00:00:00 ; elapsed = 00:00:00.061 . Memory (MB): peak = 1893.164 ; gain = 0.000

Starting Final Cleanup Task
Ending Final Cleanup Task | Checksum: ecab91c9

Time (s): cpu = 00:00:00 ; elapsed = 00:00:00 . Memory (MB): peak = 1893.164 ; gain = 0.000

Starting Netlist Obfuscation Task
Netlist sorting complete. Time (s): cpu = 00:00:00 ; elapsed = 00:00:00 . Memory (MB): peak = 1893.164 ; gain = 0.000
Ending Netlist Obfuscation Task | Checksum: ecab91c9

Time (s): cpu = 00:00:00 ; elapsed = 00:00:00.001 . Memory (MB): peak = 1893.164 ; gain = 0.000
INFO: [Common 17-83] Releasing license: Implementation
23 Infos, 0 Warnings, 0 Critical Warnings and 0 Errors encountered.
opt_design completed successfully
opt_design: Time (s): cpu = 00:00:10 ; elapsed = 00:00:13 . Memory (MB): peak = 1893.164 ; gain = 887.812
INFO: [runtcl-4] Executing : report_drc -file xp4d_drc_opted.rpt -pb xp4d_drc_opted.pb -rpx xp4d_drc_opted.rpx
Command: report_drc -file xp4d_drc_opted.rpt -pb xp4d_drc_opted.pb -rpx xp4d_drc_opted.rpx
INFO: [IP_Flow 19-234] Refreshing IP repositories
INFO: [IP_Flow 19-1704] No user IP repositories specified
INFO: [IP_Flow 19-2313] Loaded Vivado IP repository 'E:/ProgramFiles/Xilinx/Vivado/2023.2/data/ip'.
INFO: [DRC 23-27] Running DRC with 2 threads
INFO: [Vivado_Tcl 2-168] The results of DRC are in file D:/ATK/Programming/FPGA_5204/FPGA-5204-Lab-XPs/xp4/xp4d/xp4d.runs/impl_1/xp4d_drc_opted.rpt.
report_drc completed successfully
INFO: [Timing 38-480] Writing timing data to binary archive.
Write ShapeDB Complete: Time (s): cpu = 00:00:00 ; elapsed = 00:00:00 . Memory (MB): peak = 1893.164 ; gain = 0.000
Wrote PlaceDB: Time (s): cpu = 00:00:00 ; elapsed = 00:00:00.001 . Memory (MB): peak = 1893.164 ; gain = 0.000
Wrote PulsedLatchDB: Time (s): cpu = 00:00:00 ; elapsed = 00:00:00.001 . Memory (MB): peak = 1893.164 ; gain = 0.000
Writing XDEF routing.
Writing XDEF routing logical nets.
Writing XDEF routing special nets.
Wrote RouteStorage: Time (s): cpu = 00:00:00 ; elapsed = 00:00:00.028 . Memory (MB): peak = 1893.164 ; gain = 0.000
Wrote Netlist Cache: Time (s): cpu = 00:00:00 ; elapsed = 00:00:00.001 . Memory (MB): peak = 1893.164 ; gain = 0.000
Wrote Device Cache: Time (s): cpu = 00:00:00 ; elapsed = 00:00:00.010 . Memory (MB): peak = 1893.164 ; gain = 0.000
Write Physdb Complete: Time (s): cpu = 00:00:00 ; elapsed = 00:00:00.046 . Memory (MB): peak = 1893.164 ; gain = 0.000
INFO: [Common 17-1381] The checkpoint 'D:/ATK/Programming/FPGA_5204/FPGA-5204-Lab-XPs/xp4/xp4d/xp4d.runs/impl_1/xp4d_opt.dcp' has been generated.
Command: place_design
Attempting to get a license for feature 'Implementation' and/or device 'xc7z010'
INFO: [Common 17-349] Got license for feature 'Implementation' and/or device 'xc7z010'
INFO: [Common 17-83] Releasing license: Implementation
INFO: [DRC 23-27] Running DRC with 2 threads
INFO: [Vivado_Tcl 4-198] DRC finished with 0 Errors
INFO: [Vivado_Tcl 4-199] Please refer to the DRC report (report_drc) for more information.
Running DRC as a precondition to command place_design
INFO: [DRC 23-27] Running DRC with 2 threads
INFO: [Vivado_Tcl 4-198] DRC finished with 0 Errors
INFO: [Vivado_Tcl 4-199] Please refer to the DRC report (report_drc) for more information.
INFO: [Place 30-611] Multithreading enabled for place_design using a maximum of 2 CPUs

Starting Placer Task

Phase 1 Placer Initialization

Phase 1.1 Placer Initialization Netlist Sorting
Netlist sorting complete. Time (s): cpu = 00:00:00 ; elapsed = 00:00:00 . Memory (MB): peak = 1893.164 ; gain = 0.000
Phase 1.1 Placer Initialization Netlist Sorting | Checksum: a77c41ee

Time (s): cpu = 00:00:00 ; elapsed = 00:00:00.053 . Memory (MB): peak = 1893.164 ; gain = 0.000
Netlist sorting complete. Time (s): cpu = 00:00:00 ; elapsed = 00:00:00 . Memory (MB): peak = 1893.164 ; gain = 0.000

Phase 1.2 IO Placement/ Clock Placement/ Build Placer Device
INFO: [Timing 38-35] Done setting XDC timing constraints.
Phase 1.2 IO Placement/ Clock Placement/ Build Placer Device | Checksum: 11b4324b6

Time (s): cpu = 00:00:00 ; elapsed = 00:00:00.610 . Memory (MB): peak = 1893.164 ; gain = 0.000

Phase 1.3 Build Placer Netlist Model
Phase 1.3 Build Placer Netlist Model | Checksum: 195eec008

Time (s): cpu = 00:00:01 ; elapsed = 00:00:00.932 . Memory (MB): peak = 1893.164 ; gain = 0.000

Phase 1.4 Constrain Clocks/Macros
Phase 1.4 Constrain Clocks/Macros | Checksum: 195eec008

Time (s): cpu = 00:00:01 ; elapsed = 00:00:00.962 . Memory (MB): peak = 1893.164 ; gain = 0.000
Phase 1 Placer Initialization | Checksum: 195eec008

Time (s): cpu = 00:00:01 ; elapsed = 00:00:01 . Memory (MB): peak = 1893.164 ; gain = 0.000

Phase 2 Global Placement

Phase 2.1 Floorplanning
Phase 2.1 Floorplanning | Checksum: 195eec008

Time (s): cpu = 00:00:01 ; elapsed = 00:00:01 . Memory (MB): peak = 1893.164 ; gain = 0.000

Phase 2.2 Update Timing before SLR Path Opt
Phase 2.2 Update Timing before SLR Path Opt | Checksum: 195eec008

Time (s): cpu = 00:00:01 ; elapsed = 00:00:01 . Memory (MB): peak = 1893.164 ; gain = 0.000

Phase 2.3 Post-Processing in Floorplanning
Phase 2.3 Post-Processing in Floorplanning | Checksum: 195eec008

Time (s): cpu = 00:00:01 ; elapsed = 00:00:01 . Memory (MB): peak = 1893.164 ; gain = 0.000

Phase 2.4 Global Placement Core
WARNING: [Place 46-29] Timing had been disabled during Placer and, therefore, physical synthesis in Placer will be skipped.
Phase 2.4 Global Placement Core | Checksum: 16a20f7ab

Time (s): cpu = 00:00:01 ; elapsed = 00:00:02 . Memory (MB): peak = 1893.164 ; gain = 0.000
Phase 2 Global Placement | Checksum: 16a20f7ab

Time (s): cpu = 00:00:01 ; elapsed = 00:00:02 . Memory (MB): peak = 1893.164 ; gain = 0.000

Phase 3 Detail Placement

Phase 3.1 Commit Multi Column Macros
Phase 3.1 Commit Multi Column Macros | Checksum: 16a20f7ab

Time (s): cpu = 00:00:01 ; elapsed = 00:00:02 . Memory (MB): peak = 1893.164 ; gain = 0.000

Phase 3.2 Commit Most Macros & LUTRAMs
Phase 3.2 Commit Most Macros & LUTRAMs | Checksum: 161801bf7

Time (s): cpu = 00:00:01 ; elapsed = 00:00:02 . Memory (MB): peak = 1893.164 ; gain = 0.000

Phase 3.3 Area Swap Optimization
Phase 3.3 Area Swap Optimization | Checksum: 1a1be650a

Time (s): cpu = 00:00:01 ; elapsed = 00:00:02 . Memory (MB): peak = 1893.164 ; gain = 0.000

Phase 3.4 Pipeline Register Optimization
Phase 3.4 Pipeline Register Optimization | Checksum: 1a1be650a

Time (s): cpu = 00:00:01 ; elapsed = 00:00:02 . Memory (MB): peak = 1893.164 ; gain = 0.000

Phase 3.5 Small Shape Detail Placement
Phase 3.5 Small Shape Detail Placement | Checksum: 167d89f0b

Time (s): cpu = 00:00:01 ; elapsed = 00:00:02 . Memory (MB): peak = 1893.164 ; gain = 0.000

Phase 3.6 Re-assign LUT pins
Phase 3.6 Re-assign LUT pins | Checksum: 167d89f0b

Time (s): cpu = 00:00:01 ; elapsed = 00:00:02 . Memory (MB): peak = 1893.164 ; gain = 0.000

Phase 3.7 Pipeline Register Optimization
Phase 3.7 Pipeline Register Optimization | Checksum: 167d89f0b

Time (s): cpu = 00:00:01 ; elapsed = 00:00:02 . Memory (MB): peak = 1893.164 ; gain = 0.000
Phase 3 Detail Placement | Checksum: 167d89f0b

Time (s): cpu = 00:00:01 ; elapsed = 00:00:02 . Memory (MB): peak = 1893.164 ; gain = 0.000

Phase 4 Post Placement Optimization and Clean-Up

Phase 4.1 Post Commit Optimization
Phase 4.1 Post Commit Optimization | Checksum: 167d89f0b

Time (s): cpu = 00:00:01 ; elapsed = 00:00:02 . Memory (MB): peak = 1893.164 ; gain = 0.000

Phase 4.2 Post Placement Cleanup
Phase 4.2 Post Placement Cleanup | Checksum: 167d89f0b

Time (s): cpu = 00:00:01 ; elapsed = 00:00:02 . Memory (MB): peak = 1893.164 ; gain = 0.000

Phase 4.3 Placer Reporting

Phase 4.3.1 Print Estimated Congestion
INFO: [Place 30-612] Post-Placement Estimated Congestion 
 ____________________________________________________
|           | Global Congestion | Short Congestion  |
| Direction | Region Size       | Region Size       |
|___________|___________________|___________________|
|      North|                1x1|                1x1|
|___________|___________________|___________________|
|      South|                1x1|                1x1|
|___________|___________________|___________________|
|       East|                1x1|                1x1|
|___________|___________________|___________________|
|       West|                1x1|                1x1|
|___________|___________________|___________________|

Phase 4.3.1 Print Estimated Congestion | Checksum: 167d89f0b

Time (s): cpu = 00:00:01 ; elapsed = 00:00:02 . Memory (MB): peak = 1893.164 ; gain = 0.000
Phase 4.3 Placer Reporting | Checksum: 167d89f0b

Time (s): cpu = 00:00:01 ; elapsed = 00:00:02 . Memory (MB): peak = 1893.164 ; gain = 0.000

Phase 4.4 Final Placement Cleanup
Netlist sorting complete. Time (s): cpu = 00:00:00 ; elapsed = 00:00:00 . Memory (MB): peak = 1893.164 ; gain = 0.000

Time (s): cpu = 00:00:01 ; elapsed = 00:00:02 . Memory (MB): peak = 1893.164 ; gain = 0.000
Phase 4 Post Placement Optimization and Clean-Up | Checksum: 167d89f0b

Time (s): cpu = 00:00:01 ; elapsed = 00:00:02 . Memory (MB): peak = 1893.164 ; gain = 0.000
Ending Placer Task | Checksum: fc357143

Time (s): cpu = 00:00:01 ; elapsed = 00:00:02 . Memory (MB): peak = 1893.164 ; gain = 0.000
42 Infos, 1 Warnings, 0 Critical Warnings and 0 Errors encountered.
place_design completed successfully
INFO: [runtcl-4] Executing : report_io -file xp4d_io_placed.rpt
report_io: Time (s): cpu = 00:00:00 ; elapsed = 00:00:00.055 . Memory (MB): peak = 1893.164 ; gain = 0.000
INFO: [runtcl-4] Executing : report_utilization -file xp4d_utilization_placed.rpt -pb xp4d_utilization_placed.pb
INFO: [runtcl-4] Executing : report_control_sets -verbose -file xp4d_control_sets_placed.rpt
report_control_sets: Time (s): cpu = 00:00:00 ; elapsed = 00:00:00.002 . Memory (MB): peak = 1893.164 ; gain = 0.000
INFO: [Timing 38-480] Writing timing data to binary archive.
Write ShapeDB Complete: Time (s): cpu = 00:00:00 ; elapsed = 00:00:00.001 . Memory (MB): peak = 1893.164 ; gain = 0.000
Wrote PlaceDB: Time (s): cpu = 00:00:00 ; elapsed = 00:00:00.001 . Memory (MB): peak = 1893.164 ; gain = 0.000
Wrote PulsedLatchDB: Time (s): cpu = 00:00:00 ; elapsed = 00:00:00 . Memory (MB): peak = 1893.164 ; gain = 0.000
Writing XDEF routing.
Writing XDEF routing logical nets.
Writing XDEF routing special nets.
Wrote RouteStorage: Time (s): cpu = 00:00:00 ; elapsed = 00:00:00.027 . Memory (MB): peak = 1893.164 ; gain = 0.000
Wrote Netlist Cache: Time (s): cpu = 00:00:00 ; elapsed = 00:00:00 . Memory (MB): peak = 1893.164 ; gain = 0.000
Wrote Device Cache: Time (s): cpu = 00:00:00 ; elapsed = 00:00:00.010 . Memory (MB): peak = 1893.164 ; gain = 0.000
Write Physdb Complete: Time (s): cpu = 00:00:00 ; elapsed = 00:00:00.045 . Memory (MB): peak = 1893.164 ; gain = 0.000
INFO: [Common 17-1381] The checkpoint 'D:/ATK/Programming/FPGA_5204/FPGA-5204-Lab-XPs/xp4/xp4d/xp4d.runs/impl_1/xp4d_placed.dcp' has been generated.
Command: phys_opt_design
Attempting to get a license for feature 'Implementation' and/or device 'xc7z010'
INFO: [Common 17-349] Got license for feature 'Implementation' and/or device 'xc7z010'

Starting Initial Update Timing Task

Time (s): cpu = 00:00:00 ; elapsed = 00:00:00.054 . Memory (MB): peak = 1893.164 ; gain = 0.000
INFO: [Vivado_Tcl 4-235] No timing constraint found. The netlist was not modified.
INFO: [Common 17-83] Releasing license: Implementation
50 Infos, 1 Warnings, 0 Critical Warnings and 0 Errors encountered.
phys_opt_design completed successfully
INFO: [Timing 38-480] Writing timing data to binary archive.
Write ShapeDB Complete: Time (s): cpu = 00:00:00 ; elapsed = 00:00:00.001 . Memory (MB): peak = 1903.805 ; gain = 0.039
Wrote PlaceDB: Time (s): cpu = 00:00:00 ; elapsed = 00:00:00.001 . Memory (MB): peak = 1903.805 ; gain = 0.000
Wrote PulsedLatchDB: Time (s): cpu = 00:00:00 ; elapsed = 00:00:00 . Memory (MB): peak = 1903.805 ; gain = 0.000
Writing XDEF routing.
Writing XDEF routing logical nets.
Writing XDEF routing special nets.
Wrote RouteStorage: Time (s): cpu = 00:00:00 ; elapsed = 00:00:00.028 . Memory (MB): peak = 1903.805 ; gain = 0.000
Wrote Netlist Cache: Time (s): cpu = 00:00:00 ; elapsed = 00:00:00 . Memory (MB): peak = 1903.805 ; gain = 0.000
Wrote Device Cache: Time (s): cpu = 00:00:00 ; elapsed = 00:00:00.010 . Memory (MB): peak = 1903.805 ; gain = 0.000
Write Physdb Complete: Time (s): cpu = 00:00:00 ; elapsed = 00:00:00.048 . Memory (MB): peak = 1903.805 ; gain = 0.039
INFO: [Common 17-1381] The checkpoint 'D:/ATK/Programming/FPGA_5204/FPGA-5204-Lab-XPs/xp4/xp4d/xp4d.runs/impl_1/xp4d_physopt.dcp' has been generated.
Command: route_design
Attempting to get a license for feature 'Implementation' and/or device 'xc7z010'
INFO: [Common 17-349] Got license for feature 'Implementation' and/or device 'xc7z010'
Running DRC as a precondition to command route_design
INFO: [DRC 23-27] Running DRC with 2 threads
INFO: [Vivado_Tcl 4-198] DRC finished with 0 Errors
INFO: [Vivado_Tcl 4-199] Please refer to the DRC report (report_drc) for more information.


Starting Routing Task
INFO: [Route 35-254] Multithreading enabled for route_design using a maximum of 8 CPUs

Phase 1 Build RT Design
Checksum: PlaceDB: a9714e39 ConstDB: 0 ShapeSum: 52c4230a RouteDB: 0
Post Restoration Checksum: NetGraph: 87fe0ad7 | NumContArr: 757ba577 | Constraints: c2a8fa9d | Timing: c2a8fa9d
Phase 1 Build RT Design | Checksum: 282cba588

Time (s): cpu = 00:00:14 ; elapsed = 00:00:13 . Memory (MB): peak = 1941.926 ; gain = 29.039

Phase 2 Router Initialization
INFO: [Route 35-64] No timing constraints were detected. The router will operate in resource-optimization mode.

Phase 2.1 Fix Topology Constraints
Phase 2.1 Fix Topology Constraints | Checksum: 282cba588

Time (s): cpu = 00:00:14 ; elapsed = 00:00:13 . Memory (MB): peak = 1969.258 ; gain = 56.371

Phase 2.2 Pre Route Cleanup
Phase 2.2 Pre Route Cleanup | Checksum: 282cba588

Time (s): cpu = 00:00:14 ; elapsed = 00:00:13 . Memory (MB): peak = 1969.258 ; gain = 56.371
 Number of Nodes with overlaps = 0

Router Utilization Summary
  Global Vertical Routing Utilization    = 0 %
  Global Horizontal Routing Utilization  = 0 %
  Routable Net Status*
  *Does not include unroutable nets such as driverless and loadless.
  Run report_route_status for detailed report.
  Number of Failed Nets               = 3
    (Failed Nets is the sum of unrouted and partially routed nets)
  Number of Unrouted Nets             = 3
  Number of Partially Routed Nets     = 0
  Number of Node Overlaps             = 0

Phase 2 Router Initialization | Checksum: 251f02936

Time (s): cpu = 00:00:14 ; elapsed = 00:00:13 . Memory (MB): peak = 2004.516 ; gain = 91.629

Phase 3 Initial Routing

Phase 3.1 Global Routing
Phase 3.1 Global Routing | Checksum: 251f02936

Time (s): cpu = 00:00:14 ; elapsed = 00:00:13 . Memory (MB): peak = 2004.516 ; gain = 91.629

Phase 3.2 Initial Net Routing
 Number of Nodes with overlaps = 0
Phase 3.2 Initial Net Routing | Checksum: 295d7a4c4

Time (s): cpu = 00:00:14 ; elapsed = 00:00:14 . Memory (MB): peak = 2004.516 ; gain = 91.629
Phase 3 Initial Routing | Checksum: 295d7a4c4

Time (s): cpu = 00:00:14 ; elapsed = 00:00:14 . Memory (MB): peak = 2004.516 ; gain = 91.629

Phase 4 Rip-up And Reroute

Phase 4.1 Global Iteration 0
Phase 4.1 Global Iteration 0 | Checksum: 295d7a4c4

Time (s): cpu = 00:00:14 ; elapsed = 00:00:14 . Memory (MB): peak = 2004.516 ; gain = 91.629
Phase 4 Rip-up And Reroute | Checksum: 295d7a4c4

Time (s): cpu = 00:00:14 ; elapsed = 00:00:14 . Memory (MB): peak = 2004.516 ; gain = 91.629

Phase 5 Delay and Skew Optimization
Phase 5 Delay and Skew Optimization | Checksum: 295d7a4c4

Time (s): cpu = 00:00:14 ; elapsed = 00:00:14 . Memory (MB): peak = 2004.516 ; gain = 91.629

Phase 6 Post Hold Fix

Phase 6.1 Hold Fix Iter
Phase 6.1 Hold Fix Iter | Checksum: 295d7a4c4

Time (s): cpu = 00:00:14 ; elapsed = 00:00:14 . Memory (MB): peak = 2004.516 ; gain = 91.629
Phase 6 Post Hold Fix | Checksum: 295d7a4c4

Time (s): cpu = 00:00:14 ; elapsed = 00:00:14 . Memory (MB): peak = 2004.516 ; gain = 91.629

Phase 7 Route finalize

Router Utilization Summary
  Global Vertical Routing Utilization    = 0.00281532 %
  Global Horizontal Routing Utilization  = 0.00160846 %
  Routable Net Status*
  *Does not include unroutable nets such as driverless and loadless.
  Run report_route_status for detailed report.
  Number of Failed Nets               = 0
    (Failed Nets is the sum of unrouted and partially routed nets)
  Number of Unrouted Nets             = 0
  Number of Partially Routed Nets     = 0
  Number of Node Overlaps             = 0


--GLOBAL Congestion:
Utilization threshold used for congestion level computation: 0.85
Congestion Report
North Dir 1x1 Area, Max Cong = 5.40541%, No Congested Regions.
South Dir 1x1 Area, Max Cong = 0%, No Congested Regions.
East Dir 1x1 Area, Max Cong = 4.41176%, No Congested Regions.
West Dir 1x1 Area, Max Cong = 1.47059%, No Congested Regions.

------------------------------
Reporting congestion hotspots
------------------------------
Direction: North
----------------
Congested clusters found at Level 0
Effective congestion level: 0 Aspect Ratio: 1 Sparse Ratio: 0
Direction: South
----------------
Congested clusters found at Level 0
Effective congestion level: 0 Aspect Ratio: 1 Sparse Ratio: 0
Direction: East
----------------
Congested clusters found at Level 0
Effective congestion level: 0 Aspect Ratio: 1 Sparse Ratio: 0
Direction: West
----------------
Congested clusters found at Level 0
Effective congestion level: 0 Aspect Ratio: 1 Sparse Ratio: 0

Phase 7 Route finalize | Checksum: 295d7a4c4

Time (s): cpu = 00:00:14 ; elapsed = 00:00:14 . Memory (MB): peak = 2004.516 ; gain = 91.629

Phase 8 Verifying routed nets

 Verification completed successfully
Phase 8 Verifying routed nets | Checksum: 295d7a4c4

Time (s): cpu = 00:00:14 ; elapsed = 00:00:14 . Memory (MB): peak = 2005.543 ; gain = 92.656

Phase 9 Depositing Routes
Phase 9 Depositing Routes | Checksum: 2293e41e0

Time (s): cpu = 00:00:14 ; elapsed = 00:00:14 . Memory (MB): peak = 2005.543 ; gain = 92.656
INFO: [Route 35-16] Router Completed Successfully

Phase 10 Post-Route Event Processing
Phase 10 Post-Route Event Processing | Checksum: 1634d33ea

Time (s): cpu = 00:00:14 ; elapsed = 00:00:14 . Memory (MB): peak = 2005.543 ; gain = 92.656
Ending Routing Task | Checksum: 1634d33ea

Time (s): cpu = 00:00:14 ; elapsed = 00:00:14 . Memory (MB): peak = 2005.543 ; gain = 92.656

Routing Is Done.
INFO: [Common 17-83] Releasing license: Implementation
60 Infos, 1 Warnings, 0 Critical Warnings and 0 Errors encountered.
route_design completed successfully
route_design: Time (s): cpu = 00:00:14 ; elapsed = 00:00:14 . Memory (MB): peak = 2005.543 ; gain = 101.738
INFO: [runtcl-4] Executing : report_drc -file xp4d_drc_routed.rpt -pb xp4d_drc_routed.pb -rpx xp4d_drc_routed.rpx
Command: report_drc -file xp4d_drc_routed.rpt -pb xp4d_drc_routed.pb -rpx xp4d_drc_routed.rpx
INFO: [IP_Flow 19-1839] IP Catalog is up to date.
INFO: [DRC 23-27] Running DRC with 2 threads
INFO: [Vivado_Tcl 2-168] The results of DRC are in file D:/ATK/Programming/FPGA_5204/FPGA-5204-Lab-XPs/xp4/xp4d/xp4d.runs/impl_1/xp4d_drc_routed.rpt.
report_drc completed successfully
INFO: [runtcl-4] Executing : report_methodology -file xp4d_methodology_drc_routed.rpt -pb xp4d_methodology_drc_routed.pb -rpx xp4d_methodology_drc_routed.rpx
Command: report_methodology -file xp4d_methodology_drc_routed.rpt -pb xp4d_methodology_drc_routed.pb -rpx xp4d_methodology_drc_routed.rpx
INFO: [Timing 38-35] Done setting XDC timing constraints.
INFO: [DRC 23-133] Running Methodology with 2 threads
INFO: [Vivado_Tcl 2-1520] The results of Report Methodology are in file D:/ATK/Programming/FPGA_5204/FPGA-5204-Lab-XPs/xp4/xp4d/xp4d.runs/impl_1/xp4d_methodology_drc_routed.rpt.
report_methodology completed successfully
INFO: [runtcl-4] Executing : report_power -file xp4d_power_routed.rpt -pb xp4d_power_summary_routed.pb -rpx xp4d_power_routed.rpx
Command: report_power -file xp4d_power_routed.rpt -pb xp4d_power_summary_routed.pb -rpx xp4d_power_routed.rpx
INFO: [Timing 38-35] Done setting XDC timing constraints.
WARNING: [Power 33-232] No user defined clocks were found in the design! Power estimation will be inaccurate until this is corrected.
Resolution: Please specify clocks using create_clock/create_generated_clock for sequential elements. For pure combinatorial circuits, please specify a virtual clock, otherwise the vectorless estimation might be inaccurate
Running Vector-less Activity Propagation...

Finished Running Vector-less Activity Propagation
70 Infos, 2 Warnings, 0 Critical Warnings and 0 Errors encountered.
report_power completed successfully
INFO: [runtcl-4] Executing : report_route_status -file xp4d_route_status.rpt -pb xp4d_route_status.pb
INFO: [runtcl-4] Executing : report_timing_summary -max_paths 10 -report_unconstrained -file xp4d_timing_summary_routed.rpt -pb xp4d_timing_summary_routed.pb -rpx xp4d_timing_summary_routed.rpx -warn_on_violation 
INFO: [Timing 38-91] UpdateTimingParams: Speed grade: -1, Delay Type: min_max.
INFO: [Timing 38-191] Multithreading enabled for timing update using a maximum of 2 CPUs
WARNING: [Timing 38-313] There are no user specified timing constraints. Timing constraints are needed for proper timing analysis.
INFO: [runtcl-4] Executing : report_incremental_reuse -file xp4d_incremental_reuse_routed.rpt
INFO: [Vivado_Tcl 4-1062] Incremental flow is disabled. No incremental reuse Info to report.
INFO: [runtcl-4] Executing : report_clock_utilization -file xp4d_clock_utilization_routed.rpt
INFO: [runtcl-4] Executing : report_bus_skew -warn_on_violation -file xp4d_bus_skew_routed.rpt -pb xp4d_bus_skew_routed.pb -rpx xp4d_bus_skew_routed.rpx
INFO: [Timing 38-91] UpdateTimingParams: Speed grade: -1, Delay Type: min_max.
INFO: [Timing 38-191] Multithreading enabled for timing update using a maximum of 2 CPUs
INFO: [Timing 38-480] Writing timing data to binary archive.
Write ShapeDB Complete: Time (s): cpu = 00:00:00 ; elapsed = 00:00:00 . Memory (MB): peak = 2007.441 ; gain = 0.023
Wrote PlaceDB: Time (s): cpu = 00:00:00 ; elapsed = 00:00:00.002 . Memory (MB): peak = 2007.441 ; gain = 0.023
Wrote PulsedLatchDB: Time (s): cpu = 00:00:00 ; elapsed = 00:00:00 . Memory (MB): peak = 2007.441 ; gain = 0.000
Writing XDEF routing.
Writing XDEF routing logical nets.
Writing XDEF routing special nets.
Wrote RouteStorage: Time (s): cpu = 00:00:00 ; elapsed = 00:00:00.027 . Memory (MB): peak = 2007.441 ; gain = 0.000
Wrote Netlist Cache: Time (s): cpu = 00:00:00 ; elapsed = 00:00:00 . Memory (MB): peak = 2007.441 ; gain = 0.000
Wrote Device Cache: Time (s): cpu = 00:00:00 ; elapsed = 00:00:00.010 . Memory (MB): peak = 2007.441 ; gain = 0.000
Write Physdb Complete: Time (s): cpu = 00:00:00 ; elapsed = 00:00:00.045 . Memory (MB): peak = 2007.441 ; gain = 0.023
INFO: [Common 17-1381] The checkpoint 'D:/ATK/Programming/FPGA_5204/FPGA-5204-Lab-XPs/xp4/xp4d/xp4d.runs/impl_1/xp4d_routed.dcp' has been generated.
INFO: [Common 17-206] Exiting Vivado at Thu May  2 15:20:39 2024...

*** Running vivado
    with args -log xp4d.vdi -applog -m64 -product Vivado -messageDb vivado.pb -mode batch -source xp4d.tcl -notrace


ECHO is off.
ECHO is off.

****** Vivado v2023.2.2 (64-bit)
  **** SW Build 4126759 on Thu Feb  8 23:53:51 MST 2024
  **** IP Build 4126054 on Fri Feb  9 11:39:09 MST 2024
  **** SharedData Build 4115275 on Tue Jan 30 00:40:57 MST 2024
    ** Copyright 1986-2022 Xilinx, Inc. All Rights Reserved.
    ** Copyright 2022-2024 Advanced Micro Devices, Inc. All Rights Reserved.

source xp4d.tcl -notrace
Command: open_checkpoint xp4d_routed.dcp
INFO: [Device 21-403] Loading part xc7z010clg400-1
Netlist sorting complete. Time (s): cpu = 00:00:00 ; elapsed = 00:00:00 . Memory (MB): peak = 879.043 ; gain = 0.000
INFO: [Project 1-479] Netlist was created with Vivado 2023.2.2
INFO: [Project 1-570] Preparing netlist for logic optimization
Read ShapeDB Complete: Time (s): cpu = 00:00:00 ; elapsed = 00:00:00.002 . Memory (MB): peak = 970.770 ; gain = 0.000
INFO: [Timing 38-478] Restoring timing data from binary archive.
INFO: [Timing 38-479] Binary timing data restore complete.
INFO: [Project 1-856] Restoring constraints from binary archive.
INFO: [Project 1-853] Binary constraint restore complete.
INFO: [Designutils 20-5722] Start Reading Physical Databases.
Reading placement.
Read Netlist Cache: Time (s): cpu = 00:00:00 ; elapsed = 00:00:00 . Memory (MB): peak = 1525.492 ; gain = 0.000
Reading placer database...
Read Device Cache: Time (s): cpu = 00:00:00 ; elapsed = 00:00:00.015 . Memory (MB): peak = 1525.492 ; gain = 0.000
Read PlaceDB: Time (s): cpu = 00:00:00 ; elapsed = 00:00:00.001 . Memory (MB): peak = 1525.492 ; gain = 0.000
Read PulsedLatchDB: Time (s): cpu = 00:00:00 ; elapsed = 00:00:00 . Memory (MB): peak = 1525.492 ; gain = 0.000
Reading routing.
Read RouteStorage: Time (s): cpu = 00:00:00 ; elapsed = 00:00:00.011 . Memory (MB): peak = 1525.492 ; gain = 0.000
Read Physdb Files: Time (s): cpu = 00:00:00 ; elapsed = 00:00:00.037 . Memory (MB): peak = 1525.492 ; gain = 0.000
Restored from archive | CPU: 0.000000 secs | Memory: 0.000000 MB |
Finished XDEF File Restore: Time (s): cpu = 00:00:00 ; elapsed = 00:00:00.105 . Memory (MB): peak = 1525.492 ; gain = 14.531
Netlist sorting complete. Time (s): cpu = 00:00:00 ; elapsed = 00:00:00 . Memory (MB): peak = 1525.492 ; gain = 0.000
INFO: [Project 1-111] Unisim Transformation Summary:
No Unisim elements were transformed.

The system cannot find the path specified.
INFO: [Project 1-604] Checkpoint was created with Vivado v2023.2.2 (64-bit) build 4126759
WARNING: [Vivado 12-23575] Critical violations of the methodology design rules detected. Critical violations may contribute to timing failures or cause functional issues in hardware. Run report_methodology for more information.
open_checkpoint: Time (s): cpu = 00:00:18 ; elapsed = 00:00:20 . Memory (MB): peak = 1525.492 ; gain = 1231.363
Command: write_bitstream -force xp4d.bit
Attempting to get a license for feature 'Implementation' and/or device 'xc7z010'
INFO: [Common 17-349] Got license for feature 'Implementation' and/or device 'xc7z010'
Running DRC as a precondition to command write_bitstream
INFO: [IP_Flow 19-234] Refreshing IP repositories
INFO: [IP_Flow 19-1704] No user IP repositories specified
INFO: [IP_Flow 19-2313] Loaded Vivado IP repository 'E:/ProgramFiles/Xilinx/Vivado/2023.2/data/ip'.
INFO: [DRC 23-27] Running DRC with 2 threads
WARNING: [DRC ZPS7-1] PS7 block required: The PS7 cell must be used in this Zynq design in order to enable correct default configuration.
INFO: [Vivado 12-3199] DRC finished with 0 Errors, 1 Warnings
INFO: [Vivado 12-3200] Please refer to the DRC report (report_drc) for more information.
INFO: [Designutils 20-2272] Running write_bitstream with 2 threads.
Loading data files...
Loading site data...
Loading route data...
Processing options...
Creating bitmap...
Creating bitstream...
Writing bitstream ./xp4d.bit...
INFO: [Vivado 12-1842] Bitgen Completed Successfully.
INFO: [Project 1-1876] WebTalk data collection is mandatory when using a ULT device. To see the specific WebTalk data collected for your design, open the usage_statistics_webtalk.html or usage_statistics_webtalk.xml file in the implementation directory.
INFO: [Common 17-83] Releasing license: Implementation
21 Infos, 2 Warnings, 0 Critical Warnings and 0 Errors encountered.
write_bitstream completed successfully
write_bitstream: Time (s): cpu = 00:00:10 ; elapsed = 00:00:11 . Memory (MB): peak = 1993.645 ; gain = 468.152
INFO: [Common 17-206] Exiting Vivado at Thu May  2 15:22:02 2024...
