
*** Running vivado
    with args -log sensor_out.vds -m64 -product Vivado -mode batch -messageDb vivado.pb -notrace -source sensor_out.tcl


****** Vivado v2019.1 (64-bit)
  **** SW Build 2552052 on Fri May 24 14:49:42 MDT 2019
  **** IP Build 2548770 on Fri May 24 18:01:18 MDT 2019
    ** Copyright 1986-2019 Xilinx, Inc. All Rights Reserved.

source sensor_out.tcl -notrace
Command: synth_design -top sensor_out -part xc7a35tftg256-1
Starting synth_design
Attempting to get a license for feature 'Synthesis' and/or device 'xc7a35t'
INFO: [Common 17-349] Got license for feature 'Synthesis' and/or device 'xc7a35t'
INFO: [Device 21-403] Loading part xc7a35tftg256-1
INFO: Launching helper process for spawning children vivado processes
INFO: Helper process launched with PID 10756 
---------------------------------------------------------------------------------
Starting RTL Elaboration : Time (s): cpu = 00:00:06 ; elapsed = 00:00:10 . Memory (MB): peak = 694.258 ; gain = 177.969
---------------------------------------------------------------------------------
INFO: [Synth 8-638] synthesizing module 'sensor_out' [D:/backup_files/edge_zynq_codes/EDGE_ZYNQ_7010_CODES1/EDGE_ZYNQ_7010_CODES/XADC_WIFI/xadc_new.srcs/sources_1/new/TOP_MODULE.vhd:23]
INFO: [Synth 8-3491] module 'ADC_C' declared at 'D:/backup_files/edge_zynq_codes/EDGE_ZYNQ_7010_CODES1/EDGE_ZYNQ_7010_CODES/XADC_WIFI/xadc_new.srcs/sources_1/new/ADC_C.vhd:19' bound to instance 'A1' of component 'ADC_C' [D:/backup_files/edge_zynq_codes/EDGE_ZYNQ_7010_CODES1/EDGE_ZYNQ_7010_CODES/XADC_WIFI/xadc_new.srcs/sources_1/new/TOP_MODULE.vhd:68]
INFO: [Synth 8-638] synthesizing module 'ADC_C' [D:/backup_files/edge_zynq_codes/EDGE_ZYNQ_7010_CODES1/EDGE_ZYNQ_7010_CODES/XADC_WIFI/xadc_new.srcs/sources_1/new/ADC_C.vhd:30]
WARNING: [Synth 8-5640] Port 'reset_in' is missing in component declaration [D:/backup_files/edge_zynq_codes/EDGE_ZYNQ_7010_CODES1/EDGE_ZYNQ_7010_CODES/XADC_WIFI/xadc_new.srcs/sources_1/new/ADC_C.vhd:31]
INFO: [Synth 8-3491] module 'xadc_wiz_0' declared at 'D:/backup_files/edge_zynq_codes/EDGE_ZYNQ_7010_CODES1/EDGE_ZYNQ_7010_CODES/XADC_WIFI/xadc_new.runs/synth_1/.Xil/Vivado-12112-DESKTOP-3S607QA/realtime/xadc_wiz_0_stub.vhdl:5' bound to instance 'xadc1' of component 'xadc_wiz_0' [D:/backup_files/edge_zynq_codes/EDGE_ZYNQ_7010_CODES1/EDGE_ZYNQ_7010_CODES/XADC_WIFI/xadc_new.srcs/sources_1/new/ADC_C.vhd:66]
INFO: [Synth 8-638] synthesizing module 'xadc_wiz_0' [D:/backup_files/edge_zynq_codes/EDGE_ZYNQ_7010_CODES1/EDGE_ZYNQ_7010_CODES/XADC_WIFI/xadc_new.runs/synth_1/.Xil/Vivado-12112-DESKTOP-3S607QA/realtime/xadc_wiz_0_stub.vhdl:30]
INFO: [Synth 8-256] done synthesizing module 'ADC_C' (1#1) [D:/backup_files/edge_zynq_codes/EDGE_ZYNQ_7010_CODES1/EDGE_ZYNQ_7010_CODES/XADC_WIFI/xadc_new.srcs/sources_1/new/ADC_C.vhd:30]
INFO: [Synth 8-3491] module 'WIFI' declared at 'D:/backup_files/edge_zynq_codes/EDGE_ZYNQ_7010_CODES1/EDGE_ZYNQ_7010_CODES/XADC_WIFI/xadc_new.srcs/sources_1/new/WIFI.vhd:32' bound to instance 'W1' of component 'WIFI' [D:/backup_files/edge_zynq_codes/EDGE_ZYNQ_7010_CODES1/EDGE_ZYNQ_7010_CODES/XADC_WIFI/xadc_new.srcs/sources_1/new/TOP_MODULE.vhd:69]
INFO: [Synth 8-638] synthesizing module 'WIFI' [D:/backup_files/edge_zynq_codes/EDGE_ZYNQ_7010_CODES1/EDGE_ZYNQ_7010_CODES/XADC_WIFI/xadc_new.srcs/sources_1/new/WIFI.vhd:39]
INFO: [Synth 8-256] done synthesizing module 'WIFI' (2#1) [D:/backup_files/edge_zynq_codes/EDGE_ZYNQ_7010_CODES1/EDGE_ZYNQ_7010_CODES/XADC_WIFI/xadc_new.srcs/sources_1/new/WIFI.vhd:39]
INFO: [Synth 8-3491] module 'LCD' declared at 'D:/backup_files/edge_zynq_codes/EDGE_ZYNQ_7010_CODES1/EDGE_ZYNQ_7010_CODES/XADC_WIFI/xadc_new.srcs/sources_1/new/LCD.vhd:34' bound to instance 'L1' of component 'LCD' [D:/backup_files/edge_zynq_codes/EDGE_ZYNQ_7010_CODES1/EDGE_ZYNQ_7010_CODES/XADC_WIFI/xadc_new.srcs/sources_1/new/TOP_MODULE.vhd:70]
INFO: [Synth 8-638] synthesizing module 'LCD' [D:/backup_files/edge_zynq_codes/EDGE_ZYNQ_7010_CODES1/EDGE_ZYNQ_7010_CODES/XADC_WIFI/xadc_new.srcs/sources_1/new/LCD.vhd:43]
INFO: [Synth 8-256] done synthesizing module 'LCD' (3#1) [D:/backup_files/edge_zynq_codes/EDGE_ZYNQ_7010_CODES1/EDGE_ZYNQ_7010_CODES/XADC_WIFI/xadc_new.srcs/sources_1/new/LCD.vhd:43]
INFO: [Synth 8-3491] module 'Binary_to_bcd' declared at 'D:/backup_files/edge_zynq_codes/EDGE_ZYNQ_7010_CODES1/EDGE_ZYNQ_7010_CODES/XADC_WIFI/xadc_new.srcs/sources_1/new/bin_bcd.vhd:35' bound to instance 'B1' of component 'Binary_to_bcd' [D:/backup_files/edge_zynq_codes/EDGE_ZYNQ_7010_CODES1/EDGE_ZYNQ_7010_CODES/XADC_WIFI/xadc_new.srcs/sources_1/new/TOP_MODULE.vhd:71]
INFO: [Synth 8-638] synthesizing module 'Binary_to_bcd' [D:/backup_files/edge_zynq_codes/EDGE_ZYNQ_7010_CODES1/EDGE_ZYNQ_7010_CODES/XADC_WIFI/xadc_new.srcs/sources_1/new/bin_bcd.vhd:43]
INFO: [Synth 8-256] done synthesizing module 'Binary_to_bcd' (4#1) [D:/backup_files/edge_zynq_codes/EDGE_ZYNQ_7010_CODES1/EDGE_ZYNQ_7010_CODES/XADC_WIFI/xadc_new.srcs/sources_1/new/bin_bcd.vhd:43]
INFO: [Synth 8-3491] module 'Binary_to_bcd' declared at 'D:/backup_files/edge_zynq_codes/EDGE_ZYNQ_7010_CODES1/EDGE_ZYNQ_7010_CODES/XADC_WIFI/xadc_new.srcs/sources_1/new/bin_bcd.vhd:35' bound to instance 'B2' of component 'Binary_to_bcd' [D:/backup_files/edge_zynq_codes/EDGE_ZYNQ_7010_CODES1/EDGE_ZYNQ_7010_CODES/XADC_WIFI/xadc_new.srcs/sources_1/new/TOP_MODULE.vhd:72]
INFO: [Synth 8-256] done synthesizing module 'sensor_out' (5#1) [D:/backup_files/edge_zynq_codes/EDGE_ZYNQ_7010_CODES1/EDGE_ZYNQ_7010_CODES/XADC_WIFI/xadc_new.srcs/sources_1/new/TOP_MODULE.vhd:23]
---------------------------------------------------------------------------------
Finished RTL Elaboration : Time (s): cpu = 00:00:08 ; elapsed = 00:00:13 . Memory (MB): peak = 758.414 ; gain = 242.125
---------------------------------------------------------------------------------

Report Check Netlist: 
+------+------------------+-------+---------+-------+------------------+
|      |Item              |Errors |Warnings |Status |Description       |
+------+------------------+-------+---------+-------+------------------+
|1     |multi_driven_nets |      0|        0|Passed |Multi driven nets |
+------+------------------+-------+---------+-------+------------------+
---------------------------------------------------------------------------------
Start Handling Custom Attributes
---------------------------------------------------------------------------------
---------------------------------------------------------------------------------
Finished Handling Custom Attributes : Time (s): cpu = 00:00:09 ; elapsed = 00:00:13 . Memory (MB): peak = 758.414 ; gain = 242.125
---------------------------------------------------------------------------------
---------------------------------------------------------------------------------
Finished RTL Optimization Phase 1 : Time (s): cpu = 00:00:09 ; elapsed = 00:00:13 . Memory (MB): peak = 758.414 ; gain = 242.125
---------------------------------------------------------------------------------
INFO: [Project 1-570] Preparing netlist for logic optimization

Processing XDC Constraints
Initializing timing engine
Parsing XDC File [d:/backup_files/edge_zynq_codes/EDGE_ZYNQ_7010_CODES1/EDGE_ZYNQ_7010_CODES/XADC_WIFI/xadc_new.srcs/sources_1/ip/xadc_wiz_0/xadc_wiz_0/xadc_wiz_0_in_context.xdc] for cell 'A1/xadc1'
Finished Parsing XDC File [d:/backup_files/edge_zynq_codes/EDGE_ZYNQ_7010_CODES1/EDGE_ZYNQ_7010_CODES/XADC_WIFI/xadc_new.srcs/sources_1/ip/xadc_wiz_0/xadc_wiz_0/xadc_wiz_0_in_context.xdc] for cell 'A1/xadc1'
Parsing XDC File [D:/backup_files/edge_zynq_codes/EDGE_ZYNQ_7010_CODES1/EDGE_ZYNQ_7010_CODES/XADC_WIFI/xadc_new.srcs/constrs_1/new/adc.xdc]
Finished Parsing XDC File [D:/backup_files/edge_zynq_codes/EDGE_ZYNQ_7010_CODES1/EDGE_ZYNQ_7010_CODES/XADC_WIFI/xadc_new.srcs/constrs_1/new/adc.xdc]
INFO: [Project 1-236] Implementation specific constraints were found while reading constraint file [D:/backup_files/edge_zynq_codes/EDGE_ZYNQ_7010_CODES1/EDGE_ZYNQ_7010_CODES/XADC_WIFI/xadc_new.srcs/constrs_1/new/adc.xdc]. These constraints will be ignored for synthesis but will be used in implementation. Impacted constraints are listed in the file [.Xil/sensor_out_propImpl.xdc].
Resolution: To avoid this warning, move constraints listed in [.Xil/sensor_out_propImpl.xdc] to another XDC file and exclude this new file from synthesis with the used_in_synthesis property (File Properties dialog in GUI) and re-run elaboration/synthesis.
Completed Processing XDC Constraints

Netlist sorting complete. Time (s): cpu = 00:00:00 ; elapsed = 00:00:00.001 . Memory (MB): peak = 876.895 ; gain = 0.000
INFO: [Project 1-111] Unisim Transformation Summary:
No Unisim elements were transformed.

Constraint Validation Runtime : Time (s): cpu = 00:00:00 ; elapsed = 00:00:00.068 . Memory (MB): peak = 876.895 ; gain = 0.000
---------------------------------------------------------------------------------
Finished Constraint Validation : Time (s): cpu = 00:00:19 ; elapsed = 00:00:26 . Memory (MB): peak = 876.895 ; gain = 360.605
---------------------------------------------------------------------------------
---------------------------------------------------------------------------------
Start Loading Part and Timing Information
---------------------------------------------------------------------------------
Loading part: xc7a35tftg256-1
---------------------------------------------------------------------------------
Finished Loading Part and Timing Information : Time (s): cpu = 00:00:19 ; elapsed = 00:00:26 . Memory (MB): peak = 876.895 ; gain = 360.605
---------------------------------------------------------------------------------
---------------------------------------------------------------------------------
Start Applying 'set_property' XDC Constraints
---------------------------------------------------------------------------------
Applied set_property DONT_TOUCH = true for A1/xadc1. (constraint file  auto generated constraint, line ).
---------------------------------------------------------------------------------
Finished applying 'set_property' XDC Constraints : Time (s): cpu = 00:00:19 ; elapsed = 00:00:26 . Memory (MB): peak = 876.895 ; gain = 360.605
---------------------------------------------------------------------------------
INFO: [Synth 8-802] inferred FSM for state register 'state_reg' in module 'WIFI'
WARNING: [Synth 8-6040] Register tx_data_reg_rep driving address of a ROM cannot be packed in BRAM/URAM because of presence of initial value.
WARNING: [Synth 8-6040] Register tx_data_reg_rep driving address of a ROM cannot be packed in BRAM/URAM because of presence of initial value.
---------------------------------------------------------------------------------------------------
                   State |                     New Encoding |                Previous Encoding 
---------------------------------------------------------------------------------------------------
                 iSTATE1 |                              001 |                               00
*
                  iSTATE |                              010 |                               01
                 iSTATE0 |                              100 |                               10
---------------------------------------------------------------------------------------------------
INFO: [Synth 8-3354] encoded FSM with state register 'state_reg' using encoding 'one-hot' in module 'WIFI'
---------------------------------------------------------------------------------
Finished RTL Optimization Phase 2 : Time (s): cpu = 00:00:21 ; elapsed = 00:00:28 . Memory (MB): peak = 876.895 ; gain = 360.605
---------------------------------------------------------------------------------

Report RTL Partitions: 
+-+--------------+------------+----------+
| |RTL Partition |Replication |Instances |
+-+--------------+------------+----------+
+-+--------------+------------+----------+
---------------------------------------------------------------------------------
Start RTL Component Statistics 
---------------------------------------------------------------------------------
Detailed RTL Component Info : 
+---Adders : 
	   2 Input     32 Bit       Adders := 6     
	   2 Input      8 Bit       Adders := 14    
	   2 Input      5 Bit       Adders := 1     
	   2 Input      3 Bit       Adders := 2     
+---Registers : 
	               32 Bit    Registers := 5     
	                8 Bit    Registers := 19    
	                7 Bit    Registers := 1     
	                5 Bit    Registers := 1     
	                3 Bit    Registers := 2     
	                1 Bit    Registers := 5     
+---Muxes : 
	   8 Input     32 Bit        Muxes := 1     
	   4 Input     32 Bit        Muxes := 1     
	   2 Input     32 Bit        Muxes := 5     
	   7 Input      8 Bit        Muxes := 1     
	   3 Input      8 Bit        Muxes := 2     
	   2 Input      8 Bit        Muxes := 6     
	   4 Input      8 Bit        Muxes := 2     
	   2 Input      7 Bit        Muxes := 1     
	   2 Input      5 Bit        Muxes := 2     
	   7 Input      3 Bit        Muxes := 1     
	   8 Input      3 Bit        Muxes := 2     
	   3 Input      3 Bit        Muxes := 1     
	   2 Input      3 Bit        Muxes := 14    
	   4 Input      3 Bit        Muxes := 2     
	   3 Input      2 Bit        Muxes := 2     
	   2 Input      1 Bit        Muxes := 23    
	   8 Input      1 Bit        Muxes := 4     
	   4 Input      1 Bit        Muxes := 7     
	   3 Input      1 Bit        Muxes := 10    
	   5 Input      1 Bit        Muxes := 1     
---------------------------------------------------------------------------------
Finished RTL Component Statistics 
---------------------------------------------------------------------------------
---------------------------------------------------------------------------------
Start RTL Hierarchical Component Statistics 
---------------------------------------------------------------------------------
Hierarchical RTL Component report 
Module ADC_C 
Detailed RTL Component Info : 
+---Registers : 
	                8 Bit    Registers := 3     
	                7 Bit    Registers := 1     
	                1 Bit    Registers := 1     
+---Muxes : 
	   2 Input      7 Bit        Muxes := 1     
	   2 Input      5 Bit        Muxes := 1     
Module WIFI 
Detailed RTL Component Info : 
+---Adders : 
	   2 Input     32 Bit       Adders := 4     
	   2 Input      5 Bit       Adders := 1     
+---Registers : 
	               32 Bit    Registers := 4     
	                8 Bit    Registers := 1     
	                5 Bit    Registers := 1     
	                1 Bit    Registers := 2     
+---Muxes : 
	   8 Input     32 Bit        Muxes := 1     
	   4 Input     32 Bit        Muxes := 1     
	   2 Input     32 Bit        Muxes := 3     
	   7 Input      8 Bit        Muxes := 1     
	   2 Input      5 Bit        Muxes := 1     
	   7 Input      3 Bit        Muxes := 1     
	   8 Input      3 Bit        Muxes := 2     
	   3 Input      3 Bit        Muxes := 1     
	   2 Input      3 Bit        Muxes := 8     
	   2 Input      1 Bit        Muxes := 4     
	   8 Input      1 Bit        Muxes := 4     
	   4 Input      1 Bit        Muxes := 1     
	   3 Input      1 Bit        Muxes := 3     
Module LCD 
Detailed RTL Component Info : 
+---Adders : 
	   2 Input     32 Bit       Adders := 2     
+---Registers : 
	               32 Bit    Registers := 1     
	                8 Bit    Registers := 1     
	                1 Bit    Registers := 2     
+---Muxes : 
	   2 Input     32 Bit        Muxes := 2     
	   3 Input      8 Bit        Muxes := 2     
	   2 Input      8 Bit        Muxes := 2     
	   3 Input      2 Bit        Muxes := 2     
	   4 Input      1 Bit        Muxes := 2     
	   2 Input      1 Bit        Muxes := 5     
	   5 Input      1 Bit        Muxes := 1     
	   3 Input      1 Bit        Muxes := 1     
Module Binary_to_bcd 
Detailed RTL Component Info : 
+---Adders : 
	   2 Input      8 Bit       Adders := 7     
	   2 Input      3 Bit       Adders := 1     
+---Registers : 
	                8 Bit    Registers := 7     
	                3 Bit    Registers := 1     
+---Muxes : 
	   2 Input      8 Bit        Muxes := 2     
	   4 Input      8 Bit        Muxes := 1     
	   2 Input      3 Bit        Muxes := 3     
	   4 Input      3 Bit        Muxes := 1     
	   2 Input      1 Bit        Muxes := 7     
	   4 Input      1 Bit        Muxes := 2     
	   3 Input      1 Bit        Muxes := 3     
---------------------------------------------------------------------------------
Finished RTL Hierarchical Component Statistics
---------------------------------------------------------------------------------
---------------------------------------------------------------------------------
Start Part Resource Summary
---------------------------------------------------------------------------------
Part Resources:
DSPs: 90 (col length:60)
BRAMs: 100 (col length: RAMB18 60 RAMB36 30)
---------------------------------------------------------------------------------
Finished Part Resource Summary
---------------------------------------------------------------------------------
---------------------------------------------------------------------------------
Start Cross Boundary and Area Optimization
---------------------------------------------------------------------------------
Warning: Parallel synthesis criteria is not met 
WARNING: [Synth 8-6040] Register W1/tx_data_reg_rep driving address of a ROM cannot be packed in BRAM/URAM because of presence of initial value.
DSP Report: Generating DSP A1/temp_out_int_reg, operation Mode is: (A*(B:0x14a))'.
DSP Report: register A1/temp_out_int_reg is absorbed into DSP A1/temp_out_int_reg.
DSP Report: operator A1/temp_out_int1 is absorbed into DSP A1/temp_out_int_reg.
INFO: [Synth 8-3886] merging instance 'A1/addr_in_reg[0]' (FDSE) to 'A1/addr_in_reg[1]'
INFO: [Synth 8-3886] merging instance 'A1/addr_in_reg[1]' (FDSE) to 'A1/addr_in_reg[2]'
INFO: [Synth 8-3886] merging instance 'A1/addr_in_reg[2]' (FDSE) to 'A1/addr_in_reg[4]'
INFO: [Synth 8-3333] propagating constant 1 across sequential element (\A1/addr_in_reg[4] )
INFO: [Synth 8-3886] merging instance 'A1/addr_in_reg[5]' (FDRE) to 'A1/addr_in_reg[6]'
INFO: [Synth 8-3333] propagating constant 0 across sequential element (\A1/addr_in_reg[6] )
INFO: [Synth 8-3886] merging instance 'B2/state_reg[2]' (FD) to 'B1/state_reg[2]'
INFO: [Synth 8-3333] propagating constant 0 across sequential element (\B1/state_reg[2] )
---------------------------------------------------------------------------------
Finished Cross Boundary and Area Optimization : Time (s): cpu = 00:00:31 ; elapsed = 00:00:39 . Memory (MB): peak = 876.895 ; gain = 360.605
---------------------------------------------------------------------------------
---------------------------------------------------------------------------------
Start ROM, RAM, DSP and Shift Register Reporting
---------------------------------------------------------------------------------

ROM:
+------------+------------+---------------+----------------+
|Module Name | RTL Object | Depth x Width | Implemented As | 
+------------+------------+---------------+----------------+
|WIFI        | str[1]     | 256x7         | LUT            | 
|LCD         | str[1]     | 64x8          | LUT            | 
|sensor_out  | W1/str[1]  | 256x7         | LUT            | 
|sensor_out  | L1/str[1]  | 64x8          | LUT            | 
+------------+------------+---------------+----------------+


DSP: Preliminary Mapping  Report (see note below)
+------------+----------------+--------+--------+--------+--------+--------+------+------+------+------+-------+------+------+
|Module Name | DSP Mapping    | A Size | B Size | C Size | D Size | P Size | AREG | BREG | CREG | DREG | ADREG | MREG | PREG | 
+------------+----------------+--------+--------+--------+--------+--------+------+------+------+------+-------+------+------+
|sensor_out  | (A*(B:0x14a))' | 12     | 9      | -      | -      | 20     | 0    | 0    | -    | -    | -     | 1    | 0    | 
+------------+----------------+--------+--------+--------+--------+--------+------+------+------+------+-------+------+------+

Note: The table above is a preliminary report that shows the DSPs inferred at the current stage of the synthesis flow. Some DSP may be reimplemented as non DSP primitives later in the synthesis flow. Multiple instantiated DSPs are reported only once.
---------------------------------------------------------------------------------
Finished ROM, RAM, DSP and Shift Register Reporting
---------------------------------------------------------------------------------

Report RTL Partitions: 
+-+--------------+------------+----------+
| |RTL Partition |Replication |Instances |
+-+--------------+------------+----------+
+-+--------------+------------+----------+
---------------------------------------------------------------------------------
Start Applying XDC Timing Constraints
---------------------------------------------------------------------------------
---------------------------------------------------------------------------------
Finished Applying XDC Timing Constraints : Time (s): cpu = 00:00:53 ; elapsed = 00:01:01 . Memory (MB): peak = 901.594 ; gain = 385.305
---------------------------------------------------------------------------------
---------------------------------------------------------------------------------
Start Timing Optimization
---------------------------------------------------------------------------------
---------------------------------------------------------------------------------
Finished Timing Optimization : Time (s): cpu = 00:00:53 ; elapsed = 00:01:01 . Memory (MB): peak = 902.340 ; gain = 386.051
---------------------------------------------------------------------------------

Report RTL Partitions: 
+-+--------------+------------+----------+
| |RTL Partition |Replication |Instances |
+-+--------------+------------+----------+
+-+--------------+------------+----------+
---------------------------------------------------------------------------------
Start Technology Mapping
---------------------------------------------------------------------------------
---------------------------------------------------------------------------------
Finished Technology Mapping : Time (s): cpu = 00:00:53 ; elapsed = 00:01:01 . Memory (MB): peak = 930.688 ; gain = 414.398
---------------------------------------------------------------------------------

Report RTL Partitions: 
+-+--------------+------------+----------+
| |RTL Partition |Replication |Instances |
+-+--------------+------------+----------+
+-+--------------+------------+----------+
---------------------------------------------------------------------------------
Start IO Insertion
---------------------------------------------------------------------------------
---------------------------------------------------------------------------------
Start Flattening Before IO Insertion
---------------------------------------------------------------------------------
---------------------------------------------------------------------------------
Finished Flattening Before IO Insertion
---------------------------------------------------------------------------------
---------------------------------------------------------------------------------
Start Final Netlist Cleanup
---------------------------------------------------------------------------------
---------------------------------------------------------------------------------
Finished Final Netlist Cleanup
---------------------------------------------------------------------------------
CRITICAL WARNING: [Synth 8-4442] BlackBox module \A1/xadc1  has unconnected pin reset_in
---------------------------------------------------------------------------------
Finished IO Insertion : Time (s): cpu = 00:00:57 ; elapsed = 00:01:05 . Memory (MB): peak = 936.473 ; gain = 420.184
---------------------------------------------------------------------------------

Report Check Netlist: 
+------+------------------+-------+---------+-------+------------------+
|      |Item              |Errors |Warnings |Status |Description       |
+------+------------------+-------+---------+-------+------------------+
|1     |multi_driven_nets |      0|        0|Passed |Multi driven nets |
+------+------------------+-------+---------+-------+------------------+
---------------------------------------------------------------------------------
Start Renaming Generated Instances
---------------------------------------------------------------------------------
---------------------------------------------------------------------------------
Finished Renaming Generated Instances : Time (s): cpu = 00:00:57 ; elapsed = 00:01:05 . Memory (MB): peak = 936.473 ; gain = 420.184
---------------------------------------------------------------------------------

Report RTL Partitions: 
+-+--------------+------------+----------+
| |RTL Partition |Replication |Instances |
+-+--------------+------------+----------+
+-+--------------+------------+----------+
---------------------------------------------------------------------------------
Start Rebuilding User Hierarchy
---------------------------------------------------------------------------------
---------------------------------------------------------------------------------
Finished Rebuilding User Hierarchy : Time (s): cpu = 00:00:57 ; elapsed = 00:01:06 . Memory (MB): peak = 936.473 ; gain = 420.184
---------------------------------------------------------------------------------
---------------------------------------------------------------------------------
Start Renaming Generated Ports
---------------------------------------------------------------------------------
---------------------------------------------------------------------------------
Finished Renaming Generated Ports : Time (s): cpu = 00:00:57 ; elapsed = 00:01:06 . Memory (MB): peak = 936.473 ; gain = 420.184
---------------------------------------------------------------------------------
---------------------------------------------------------------------------------
Start Handling Custom Attributes
---------------------------------------------------------------------------------
---------------------------------------------------------------------------------
Finished Handling Custom Attributes : Time (s): cpu = 00:00:57 ; elapsed = 00:01:06 . Memory (MB): peak = 936.473 ; gain = 420.184
---------------------------------------------------------------------------------
---------------------------------------------------------------------------------
Start Renaming Generated Nets
---------------------------------------------------------------------------------
---------------------------------------------------------------------------------
Finished Renaming Generated Nets : Time (s): cpu = 00:00:58 ; elapsed = 00:01:06 . Memory (MB): peak = 936.473 ; gain = 420.184
---------------------------------------------------------------------------------
---------------------------------------------------------------------------------
Start Writing Synthesis Report
---------------------------------------------------------------------------------

Report BlackBoxes: 
+------+--------------+----------+
|      |BlackBox name |Instances |
+------+--------------+----------+
|1     |xadc_wiz_0    |         1|
+------+--------------+----------+

Report Cell Usage: 
+------+------------------+------+
|      |Cell              |Count |
+------+------------------+------+
|1     |xadc_wiz_0_bbox_0 |     1|
|2     |BUFG              |     2|
|3     |CARRY4            |   100|
|4     |DSP48E1           |     1|
|5     |LUT1              |    20|
|6     |LUT2              |   307|
|7     |LUT3              |    69|
|8     |LUT4              |    59|
|9     |LUT5              |   126|
|10    |LUT6              |   161|
|11    |FDRE              |   312|
|12    |FDSE              |    10|
|13    |IBUF              |     5|
|14    |OBUF              |    11|
+------+------------------+------+

Report Instance Areas: 
+------+---------+----------------+------+
|      |Instance |Module          |Cells |
+------+---------+----------------+------+
|1     |top      |                |  1209|
|2     |  A1     |ADC_C           |    41|
|3     |  B1     |Binary_to_bcd   |   119|
|4     |  B2     |Binary_to_bcd_0 |   122|
|5     |  L1     |LCD             |   513|
|6     |  W1     |WIFI            |   396|
+------+---------+----------------+------+
---------------------------------------------------------------------------------
Finished Writing Synthesis Report : Time (s): cpu = 00:00:58 ; elapsed = 00:01:06 . Memory (MB): peak = 936.473 ; gain = 420.184
---------------------------------------------------------------------------------
Synthesis finished with 0 errors, 1 critical warnings and 3 warnings.
Synthesis Optimization Runtime : Time (s): cpu = 00:00:45 ; elapsed = 00:01:00 . Memory (MB): peak = 936.473 ; gain = 301.703
Synthesis Optimization Complete : Time (s): cpu = 00:00:58 ; elapsed = 00:01:06 . Memory (MB): peak = 936.473 ; gain = 420.184
INFO: [Project 1-571] Translating synthesized netlist
INFO: [Netlist 29-17] Analyzing 101 Unisim elements for replacement
INFO: [Netlist 29-28] Unisim Transformation completed in 0 CPU seconds
INFO: [Project 1-570] Preparing netlist for logic optimization
INFO: [Opt 31-138] Pushed 0 inverter(s) to 0 load pin(s).
Netlist sorting complete. Time (s): cpu = 00:00:00 ; elapsed = 00:00:00.001 . Memory (MB): peak = 936.473 ; gain = 0.000
INFO: [Project 1-111] Unisim Transformation Summary:
No Unisim elements were transformed.

INFO: [Common 17-83] Releasing license: Synthesis
39 Infos, 4 Warnings, 1 Critical Warnings and 0 Errors encountered.
synth_design completed successfully
synth_design: Time (s): cpu = 00:01:07 ; elapsed = 00:01:20 . Memory (MB): peak = 936.473 ; gain = 648.465
Netlist sorting complete. Time (s): cpu = 00:00:00 ; elapsed = 00:00:00.003 . Memory (MB): peak = 936.473 ; gain = 0.000
WARNING: [Constraints 18-5210] No constraints selected for write.
Resolution: This message can indicate that there are no constraints for the design, or it can indicate that the used_in flags are set such that the constraints are ignored. This later case is used when running synth_design to not write synthesis constraints to the resulting checkpoint. Instead, project constraints are read when the synthesized design is opened.
INFO: [Common 17-1381] The checkpoint 'D:/backup_files/edge_zynq_codes/EDGE_ZYNQ_7010_CODES1/EDGE_ZYNQ_7010_CODES/XADC_WIFI/xadc_new.runs/synth_1/sensor_out.dcp' has been generated.
INFO: [runtcl-4] Executing : report_utilization -file sensor_out_utilization_synth.rpt -pb sensor_out_utilization_synth.pb
INFO: [Common 17-206] Exiting Vivado at Thu Nov 12 11:15:00 2020...
